<?xml version="1.0" encoding="utf-8"?><testsuites name="pytest tests"><testsuite name="pytest" errors="0" failures="0" skipped="0" tests="5" time="6.681" timestamp="2026-06-17T10:56:43.464391+00:00" hostname="agent-env-d77705cf-3378-48fe-a82d-ec8e74152215"><testcase classname="backend.tests.test_iter15_security_headers.TestSecurityHeaders" name="test_security_headers_on_api_root" time="0.160" /><testcase classname="backend.tests.test_iter15_security_headers.TestSecurityHeaders" name="test_security_headers_on_pdf_endpoint" time="3.170" /><testcase classname="backend.tests.test_iter15_security_headers.TestPublicBriefPDF" name="test_pdf_magic_and_size" time="2.938" /><testcase classname="backend.tests.test_iter15_security_headers.TestAdminCookieFlow" name="test_login_sets_cookie_and_endpoints_reachable" time="0.211" /><testcase classname="backend.tests.test_iter15_security_headers.TestDiagnosticIntake" name="test_pilot_request_stub_for_test_prefix" time="0.136" /></testsuite></testsuites>