<?xml version="1.0" encoding="utf-8"?><testsuites name="pytest tests"><testsuite name="pytest" errors="0" failures="0" skipped="0" tests="7" time="6.683" timestamp="2026-05-13T18:26:05.370713+00:00" hostname="agent-env-d77705cf-3378-48fe-a82d-ec8e74152215"><testcase classname="backend.tests.test_iter11_diagnostic" name="test_diagnostic_post_persists_new_fields" time="0.861" /><testcase classname="backend.tests.test_iter11_diagnostic" name="test_default_request_type_is_pilot" time="0.548" /><testcase classname="backend.tests.test_iter11_diagnostic" name="test_invalid_request_type_returns_422" time="0.246" /><testcase classname="backend.tests.test_iter11_diagnostic" name="test_admin_stats_has_diagnostic_count" time="0.630" /><testcase classname="backend.tests.test_iter11_diagnostic" name="test_admin_filter_request_type_diagnostic" time="0.687" /><testcase classname="backend.tests.test_iter11_diagnostic" name="test_public_brief_pdf_returns_valid_pdf" time="3.151" /><testcase classname="backend.tests.test_iter11_diagnostic" name="test_legacy_intake_back_compat" time="0.495" /></testsuite></testsuites>