<?xml version="1.0" encoding="utf-8"?><testsuites name="pytest tests"><testsuite name="pytest" errors="0" failures="0" skipped="0" tests="12" time="7.041" timestamp="2026-04-22T01:58:46.910353+00:00" hostname="agent-env-d77705cf-3378-48fe-a82d-ec8e74152215"><testcase classname="backend.tests.test_briefings" name="test_generate_wrong_token_401" time="0.172" /><testcase classname="backend.tests.test_briefings" name="test_generate_no_token_401" time="0.109" /><testcase classname="backend.tests.test_briefings" name="test_preview_wrong_token_401" time="0.137" /><testcase classname="backend.tests.test_briefings" name="test_generate_unknown_pilot_id_404" time="0.240" /><testcase classname="backend.tests.test_briefings" name="test_generate_bogus_variant_422" time="0.116" /><testcase classname="backend.tests.test_briefings" name="test_preview_unknown_pilot_id_404" time="0.111" /><testcase classname="backend.tests.test_briefings" name="test_preview_stripe_resolves_company" time="0.462" /><testcase classname="backend.tests.test_briefings" name="test_preview_gmail_short_circuits" time="0.244" /><testcase classname="backend.tests.test_briefings" name="test_generate_exec_pdf" time="1.846" /><testcase classname="backend.tests.test_briefings" name="test_generate_full_pdf_larger_than_exec" time="1.703" /><testcase classname="backend.tests.test_briefings" name="test_briefings_generated_increment" time="0.136" /><testcase classname="backend.tests.test_briefings" name="test_generate_with_company_override" time="1.677" /></testsuite></testsuites>