<?xml version="1.0" encoding="utf-8"?><testsuites name="pytest tests"><testsuite name="pytest" errors="0" failures="0" skipped="0" tests="18" time="8.521" timestamp="2026-06-03T10:08:36.347874+00:00" hostname="agent-env-d77705cf-3378-48fe-a82d-ec8e74152215"><testcase classname="tests.test_iter14_refactor.TestImports" name="test_module_imports_and_sender_email" time="0.371" /><testcase classname="tests.test_iter14_refactor.TestPilotRequests" name="test_legacy_pilot_intake" time="0.149" /><testcase classname="tests.test_iter14_refactor.TestPilotRequests" name="test_diagnostic_intake_with_qualifiers" time="0.107" /><testcase classname="tests.test_iter14_refactor.TestPilotRequests" name="test_invalid_qualifiers_silently_dropped" time="0.099" /><testcase classname="tests.test_iter14_refactor.TestPilotRequests" name="test_honeypot_triggers_rejection" time="0.102" /><testcase classname="tests.test_iter14_refactor.TestPilotRequests" name="test_fast_submit_rejected" time="0.097" /><testcase classname="tests.test_iter14_refactor.TestPilotRequests" name="test_rate_limit_429_after_5" time="0.642" /><testcase classname="tests.test_iter14_refactor.TestAdmin" name="test_auth_verify_unauthorized" time="0.121" /><testcase classname="tests.test_iter14_refactor.TestAdmin" name="test_auth_verify_ok" time="0.111" /><testcase classname="tests.test_iter14_refactor.TestAdmin" name="test_admin_list_unauthorized" time="0.100" /><testcase classname="tests.test_iter14_refactor.TestAdmin" name="test_admin_list_returns_stats_with_diagnostic_count" time="0.123" /><testcase classname="tests.test_iter14_refactor.TestAdmin" name="test_admin_list_filter_by_request_type" time="0.111" /><testcase classname="tests.test_iter14_refactor.TestAdmin" name="test_admin_briefings_preview_404" time="0.116" /><testcase classname="tests.test_iter14_refactor.TestPublicBriefs" name="test_shadow_hr_pdf" time="2.927" /><testcase classname="tests.test_iter14_refactor.TestPublicBriefs" name="test_unknown_brief_404" time="0.103" /><testcase classname="tests.test_iter14_refactor.TestBriefings" name="test_preview_known_id" time="0.468" /><testcase classname="tests.test_iter14_refactor.TestBriefings" name="test_generate_pdf" time="1.344" /><testcase classname="tests.test_iter14_refactor.TestBriefings" name="test_email_to_lead_test_bypass" time="1.367" /></testsuite></testsuites>