<?xml version="1.0" encoding="utf-8"?><testsuites name="pytest tests"><testsuite name="pytest" errors="0" failures="0" skipped="0" tests="7" time="1.503" timestamp="2026-04-20T19:19:42.471472+00:00" hostname="agent-env-d77705cf-3378-48fe-a82d-ec8e74152215"><testcase classname="backend.tests.test_pilot_requests" name="test_root" time="0.170" /><testcase classname="backend.tests.test_pilot_requests" name="test_create_pilot_request_valid_and_persists" time="0.311" /><testcase classname="backend.tests.test_pilot_requests" name="test_create_pilot_request_invalid_email" time="0.147" /><testcase classname="backend.tests.test_pilot_requests" name="test_create_pilot_request_missing_required" time="0.117" /><testcase classname="backend.tests.test_pilot_requests" name="test_create_pilot_request_empty_strings" time="0.184" /><testcase classname="backend.tests.test_pilot_requests" name="test_seo_assets" time="0.408" /><testcase classname="backend.tests.test_pilot_requests" name="test_index_html_seo_tags" time="0.104" /></testsuite></testsuites>