<?xml version="1.0" encoding="utf-8"?><testsuites name="pytest tests"><testsuite name="pytest" errors="0" failures="0" skipped="0" tests="13" time="8.586" timestamp="2026-06-03T09:30:47.243627+00:00" hostname="agent-env-d77705cf-3378-48fe-a82d-ec8e74152215"><testcase classname="tests.test_iter12_cleanup" name="test_models_module_importable_with_symbols" time="0.065" /><testcase classname="tests.test_iter12_cleanup" name="test_rate_limit_module_importable_with_symbols" time="0.096" /><testcase classname="tests.test_iter12_cleanup" name="test_legacy_pilot_intake_still_works" time="0.544" /><testcase classname="tests.test_iter12_cleanup" name="test_diagnostic_intake_persists_valid_qualifiers" time="0.457" /><testcase classname="tests.test_iter12_cleanup" name="test_qualifier_allowlist_drops_xss_and_garbage" time="0.503" /><testcase classname="tests.test_iter12_cleanup" name="test_qualifier_allowlist_accepts_each_valid_label" time="1.385" /><testcase classname="tests.test_iter12_cleanup" name="test_qualifier_partial_validity" time="0.699" /><testcase classname="tests.test_iter12_cleanup" name="test_crlf_in_name_role_does_not_break_endpoint" time="0.444" /><testcase classname="tests.test_iter12_cleanup" name="test_admin_stats_and_items_shape" time="0.110" /><testcase classname="tests.test_iter12_cleanup" name="test_admin_filter_diagnostic_only" time="0.115" /><testcase classname="tests.test_iter12_cleanup" name="test_public_brief_pdf_intact" time="3.335" /><testcase classname="tests.test_iter12_cleanup" name="test_admin_briefing_preview_requires_token_and_works" time="0.644" /><testcase classname="tests.test_iter12_cleanup" name="test_admin_briefing_generate_requires_token" time="0.107" /></testsuite></testsuites>