<?xml version="1.0" encoding="utf-8"?><testsuites name="pytest tests"><testsuite name="pytest" errors="0" failures="0" skipped="0" tests="10" time="8.928" timestamp="2026-05-09T01:34:43.635322+00:00" hostname="agent-env-d77705cf-3378-48fe-a82d-ec8e74152215"><testcase classname="backend.tests.test_iter10_deltas" name="test_catch22_read_true_persists_and_admin_returns_it" time="0.824" /><testcase classname="backend.tests.test_iter10_deltas" name="test_catch22_read_false_default_when_omitted" time="0.495" /><testcase classname="backend.tests.test_iter10_deltas" name="test_admin_stats_includes_catch22_and_both_fields" time="0.144" /><testcase classname="backend.tests.test_iter10_deltas" name="test_email_to_lead_unauthorised_returns_401" time="0.123" /><testcase classname="backend.tests.test_iter10_deltas" name="test_email_to_lead_404_for_unknown_pilot_request" time="0.143" /><testcase classname="backend.tests.test_iter10_deltas" name="test_email_to_lead_exec_returns_sent" time="3.789" /><testcase classname="backend.tests.test_iter10_deltas" name="test_favicon_assets_200" time="0.490" /><testcase classname="backend.tests.test_iter10_deltas" name="test_index_html_has_favicon_and_apple_links" time="0.122" /><testcase classname="backend.tests.test_iter10_deltas" name="test_og_image_meta" time="0.162" /><testcase classname="backend.tests.test_iter10_deltas" name="test_rate_limit_5_then_429_with_retry_after" time="2.570" /></testsuite></testsuites>