<?xml version="1.0" encoding="utf-8"?><testsuites name="pytest tests"><testsuite name="pytest" errors="0" failures="0" skipped="0" tests="25" time="5.337" timestamp="2026-04-20T19:54:12.116704+00:00" hostname="agent-env-d77705cf-3378-48fe-a82d-ec8e74152215"><testcase classname="backend.tests.test_admin_and_legal" name="test_admin_verify_wrong_token_returns_401" time="0.203" /><testcase classname="backend.tests.test_admin_and_legal" name="test_admin_verify_missing_token_returns_401" time="0.268" /><testcase classname="backend.tests.test_admin_and_legal" name="test_admin_verify_correct_token_returns_ok" time="0.106" /><testcase classname="backend.tests.test_admin_and_legal" name="test_admin_list_wrong_token_401" time="0.132" /><testcase classname="backend.tests.test_admin_and_legal" name="test_admin_list_returns_items_and_stats" time="0.333" /><testcase classname="backend.tests.test_admin_and_legal" name="test_admin_list_filter_by_role_cso" time="0.105" /><testcase classname="backend.tests.test_admin_and_legal" name="test_admin_list_filter_by_status_stubbed" time="0.116" /><testcase classname="backend.tests.test_admin_and_legal" name="test_admin_list_filter_q_email" time="0.175" /><testcase classname="backend.tests.test_admin_and_legal" name="test_admin_list_limit_honored" time="0.117" /><testcase classname="backend.tests.test_admin_and_legal" name="test_create_pilot_request_memo_read_true_round_trip" time="0.124" /><testcase classname="backend.tests.test_admin_and_legal" name="test_create_pilot_request_memo_read_default_false" time="0.110" /><testcase classname="backend.tests.test_admin_and_legal" name="test_robots_disallows_admin" time="0.105" /><testcase classname="backend.tests.test_admin_and_legal" name="test_sitemap_lists_six_urls_with_legal" time="0.121" /><testcase classname="backend.tests.test_pilot_requests" name="test_root" time="0.119" /><testcase classname="backend.tests.test_pilot_requests" name="test_create_pilot_request_valid_and_persists" time="0.106" /><testcase classname="backend.tests.test_pilot_requests" name="test_create_pilot_request_invalid_email" time="0.116" /><testcase classname="backend.tests.test_pilot_requests" name="test_create_pilot_request_missing_required" time="0.341" /><testcase classname="backend.tests.test_pilot_requests" name="test_honeypot_rejects_silently" time="0.119" /><testcase classname="backend.tests.test_pilot_requests" name="test_submission_too_fast_rejected" time="0.123" /><testcase classname="backend.tests.test_pilot_requests" name="test_normal_submission_passes_anti_spam" time="0.128" /><testcase classname="backend.tests.test_pilot_requests" name="test_rate_limit_5_then_429" time="0.693" /><testcase classname="backend.tests.test_pilot_requests" name="test_rate_limit_buckets_are_per_ip" time="0.874" /><testcase classname="backend.tests.test_pilot_requests" name="test_get_pilot_requests_returns_404_without_admin_token_env" time="0.111" /><testcase classname="backend.tests.test_pilot_requests" name="test_seo_assets" time="0.378" /><testcase classname="backend.tests.test_pilot_requests" name="test_index_html_seo_tags" time="0.138" /></testsuite></testsuites>