<?xml version="1.0" encoding="utf-8"?><testsuites name="pytest tests"><testsuite name="pytest" errors="0" failures="5" skipped="0" tests="77" time="31.528" timestamp="2026-06-06T21:12:22.569466+00:00" hostname="agent-env-d77705cf-3378-48fe-a82d-ec8e74152215"><testcase classname="tests.test_admin_cookie_auth" name="test_login_wrong_token_returns_401_and_sets_no_cookie" time="0.206" /><testcase classname="tests.test_admin_cookie_auth" name="test_login_success_sets_httponly_secure_strict_cookie" time="0.126" /><testcase classname="tests.test_admin_cookie_auth" name="test_session_cookie_alone_authenticates_admin_routes" time="0.203" /><testcase classname="tests.test_admin_cookie_auth" name="test_logout_clears_session_cookie" time="0.213" /><testcase classname="tests.test_admin_cookie_auth" name="test_legacy_header_still_authenticates" time="0.156" /><testcase classname="tests.test_briefings" name="test_generate_wrong_token_401" time="0.105" /><testcase classname="tests.test_briefings" name="test_generate_no_token_401" time="0.110" /><testcase classname="tests.test_briefings" name="test_preview_wrong_token_401" time="0.105" /><testcase classname="tests.test_briefings" name="test_generate_unknown_pilot_id_404" time="0.774" /><testcase classname="tests.test_briefings" name="test_generate_bogus_variant_422" time="0.113" /><testcase classname="tests.test_briefings" name="test_preview_unknown_pilot_id_404" time="0.123" /><testcase classname="tests.test_briefings" name="test_preview_stripe_resolves_company" time="0.575" /><testcase classname="tests.test_briefings" name="test_preview_gmail_short_circuits" time="0.216" /><testcase classname="tests.test_briefings" name="test_generate_exec_pdf" time="1.540" /><testcase classname="tests.test_briefings" name="test_generate_full_pdf_larger_than_exec" time="1.510" /><testcase classname="tests.test_briefings" name="test_briefings_generated_increment" time="0.126" /><testcase classname="tests.test_briefings" name="test_generate_with_company_override" time="1.409" /><testcase classname="tests.test_iter10_deltas" name="test_catch22_read_true_persists_and_admin_returns_it" time="0.227" /><testcase classname="tests.test_iter10_deltas" name="test_catch22_read_false_default_when_omitted" time="0.123" /><testcase classname="tests.test_iter10_deltas" name="test_admin_stats_includes_catch22_and_both_fields" time="0.126" /><testcase classname="tests.test_iter10_deltas" name="test_email_to_lead_unauthorised_returns_401" time="0.103" /><testcase classname="tests.test_iter10_deltas" name="test_email_to_lead_404_for_unknown_pilot_request" time="0.113" /><testcase classname="tests.test_iter10_deltas" name="test_email_to_lead_exec_returns_sent" time="1.481"><failure message="AssertionError: {'briefing_id': 'EB-1CBA600077', 'email_status': 'test_bypass', 'filename': 'ThirdRail-ExecSummary-Example-EB-1CBA600077.pdf', 'ok': True, ...}&#10;assert 'test_bypass' in ('sent', 'stubbed')">tests/test_iter10_deltas.py:136: in test_email_to_lead_exec_returns_sent
    assert body["email_status"] in ("sent", "stubbed"), body
E   AssertionError: {'briefing_id': 'EB-1CBA600077', 'email_status': 'test_bypass', 'filename': 'ThirdRail-ExecSummary-Example-EB-1CBA600077.pdf', 'ok': True, ...}
E   assert 'test_bypass' in ('sent', 'stubbed')</failure></testcase><testcase classname="tests.test_iter10_deltas" name="test_favicon_assets_200" time="0.438" /><testcase classname="tests.test_iter10_deltas" name="test_index_html_has_favicon_and_apple_links" time="0.099" /><testcase classname="tests.test_iter10_deltas" name="test_og_image_meta" time="0.175" /><testcase classname="tests.test_iter10_deltas" name="test_rate_limit_5_then_429_with_retry_after" time="0.660" /><testcase classname="tests.test_iter11_diagnostic" name="test_diagnostic_post_persists_new_fields" time="0.258" /><testcase classname="tests.test_iter11_diagnostic" name="test_default_request_type_is_pilot" time="0.126" /><testcase classname="tests.test_iter11_diagnostic" name="test_invalid_request_type_returns_422" time="0.105" /><testcase classname="tests.test_iter11_diagnostic" name="test_admin_stats_has_diagnostic_count" time="0.211" /><testcase classname="tests.test_iter11_diagnostic" name="test_admin_filter_request_type_diagnostic" time="0.311" /><testcase classname="tests.test_iter11_diagnostic" name="test_public_brief_pdf_returns_valid_pdf" time="2.981" /><testcase classname="tests.test_iter11_diagnostic" name="test_legacy_intake_back_compat" time="0.103" /><testcase classname="tests.test_iter12_cleanup" name="test_models_module_importable_with_symbols" time="0.068" /><testcase classname="tests.test_iter12_cleanup" name="test_rate_limit_module_importable_with_symbols" time="0.094" /><testcase classname="tests.test_iter12_cleanup" name="test_legacy_pilot_intake_still_works" time="0.122" /><testcase classname="tests.test_iter12_cleanup" name="test_diagnostic_intake_persists_valid_qualifiers" time="0.116" /><testcase classname="tests.test_iter12_cleanup" name="test_qualifier_allowlist_drops_xss_and_garbage" time="0.106" /><testcase classname="tests.test_iter12_cleanup" name="test_qualifier_allowlist_accepts_each_valid_label" time="0.318" /><testcase classname="tests.test_iter12_cleanup" name="test_qualifier_partial_validity" time="0.107" /><testcase classname="tests.test_iter12_cleanup" name="test_crlf_in_name_role_does_not_break_endpoint" time="0.133" /><testcase classname="tests.test_iter12_cleanup" name="test_admin_stats_and_items_shape" time="0.105" /><testcase classname="tests.test_iter12_cleanup" name="test_admin_filter_diagnostic_only" time="0.103" /><testcase classname="tests.test_iter12_cleanup" name="test_public_brief_pdf_intact" time="3.001" /><testcase classname="tests.test_iter12_cleanup" name="test_admin_briefing_preview_requires_token_and_works" time="0.635" /><testcase classname="tests.test_iter12_cleanup" name="test_admin_briefing_generate_requires_token" time="0.109" /><testcase classname="tests.test_iter14_refactor.TestImports" name="test_module_imports_and_sender_email" time="0.189" /><testcase classname="tests.test_iter14_refactor.TestPilotRequests" name="test_legacy_pilot_intake" time="0.109" /><testcase classname="tests.test_iter14_refactor.TestPilotRequests" name="test_diagnostic_intake_with_qualifiers" time="0.109" /><testcase classname="tests.test_iter14_refactor.TestPilotRequests" name="test_invalid_qualifiers_silently_dropped" time="0.106" /><testcase classname="tests.test_iter14_refactor.TestPilotRequests" name="test_honeypot_triggers_rejection" time="0.096" /><testcase classname="tests.test_iter14_refactor.TestPilotRequests" name="test_fast_submit_rejected" time="0.107" /><testcase classname="tests.test_iter14_refactor.TestPilotRequests" name="test_rate_limit_429_after_5" time="0.691" /><testcase classname="tests.test_iter14_refactor.TestAdmin" name="test_auth_verify_unauthorized" time="0.108" /><testcase classname="tests.test_iter14_refactor.TestAdmin" name="test_auth_verify_ok" time="0.098" /><testcase classname="tests.test_iter14_refactor.TestAdmin" name="test_admin_list_unauthorized" time="0.117" /><testcase classname="tests.test_iter14_refactor.TestAdmin" name="test_admin_list_returns_stats_with_diagnostic_count" time="0.118" /><testcase classname="tests.test_iter14_refactor.TestAdmin" name="test_admin_list_filter_by_request_type" time="0.113" /><testcase classname="tests.test_iter14_refactor.TestAdmin" name="test_admin_briefings_preview_404" time="0.118" /><testcase classname="tests.test_iter14_refactor.TestPublicBriefs" name="test_shadow_hr_pdf" time="2.985" /><testcase classname="tests.test_iter14_refactor.TestPublicBriefs" name="test_unknown_brief_404" time="0.125" /><testcase classname="tests.test_iter14_refactor.TestBriefings" name="test_preview_known_id" time="0.482" /><testcase classname="tests.test_iter14_refactor.TestBriefings" name="test_generate_pdf" time="1.318" /><testcase classname="tests.test_iter14_refactor.TestBriefings" name="test_email_to_lead_test_bypass" time="1.374" /><testcase classname="tests.test_pilot_requests" name="test_root" time="0.107"><failure message="AssertionError: assert {'message': 'Hello World'} == {'message': '...stems OÜ API'}&#10;  &#10;  Differing items:&#10;  {'message': 'Hello World'} != {'message': 'Third Rail Systems OÜ API'}&#10;  &#10;  Full diff:&#10;    {&#10;  -     'message': 'Third Rail Systems OÜ API',&#10;  +     'message': 'Hello World',&#10;    }">tests/test_pilot_requests.py:21: in test_root
    assert r.json() == {"message": "Third Rail Systems OÜ API"}
E   AssertionError: assert {'message': 'Hello World'} == {'message': '...stems OÜ API'}
E     
E     Differing items:
E     {'message': 'Hello World'} != {'message': 'Third Rail Systems OÜ API'}
E     
E     Full diff:
E       {
E     -     'message': 'Third Rail Systems OÜ API',
E     +     'message': 'Hello World',
E       }</failure></testcase><testcase classname="tests.test_pilot_requests" name="test_create_pilot_request_valid_and_persists" time="0.103"><failure message="AssertionError: {'catch22_read': False, 'corporate_email': 'test_1780780371@example.com', 'current_vendor': None, 'email_error': None, ...}&#10;assert 'test_bypass' == 'stubbed'&#10;  &#10;  - stubbed&#10;  + test_bypass">tests/test_pilot_requests.py:40: in test_create_pilot_request_valid_and_persists
    assert data["email_status"] == "stubbed", data
E   AssertionError: {'catch22_read': False, 'corporate_email': 'test_1780780371@example.com', 'current_vendor': None, 'email_error': None, ...}
E   assert 'test_bypass' == 'stubbed'
E     
E     - stubbed
E     + test_bypass</failure></testcase><testcase classname="tests.test_pilot_requests" name="test_create_pilot_request_invalid_email" time="0.104" /><testcase classname="tests.test_pilot_requests" name="test_create_pilot_request_missing_required" time="0.113" /><testcase classname="tests.test_pilot_requests" name="test_honeypot_rejects_silently" time="0.115" /><testcase classname="tests.test_pilot_requests" name="test_submission_too_fast_rejected" time="0.103" /><testcase classname="tests.test_pilot_requests" name="test_normal_submission_passes_anti_spam" time="0.111"><failure message="AssertionError: {'catch22_read': False, 'corporate_email': 'human_1780780372@example.com', 'current_vendor': None, 'email_error': None, ...}&#10;assert 'test_bypass' == 'stubbed'&#10;  &#10;  - stubbed&#10;  + test_bypass">tests/test_pilot_requests.py:115: in test_normal_submission_passes_anti_spam
    assert data["email_status"] == "stubbed", data
E   AssertionError: {'catch22_read': False, 'corporate_email': 'human_1780780372@example.com', 'current_vendor': None, 'email_error': None, ...}
E   assert 'test_bypass' == 'stubbed'
E     
E     - stubbed
E     + test_bypass</failure></testcase><testcase classname="tests.test_pilot_requests" name="test_rate_limit_5_then_429" time="0.531"><failure message="AssertionError: Request 5 failed: 429 {&quot;detail&quot;:&quot;Too many requests. Please try again later.&quot;}&#10;assert 429 == 201&#10; +  where 429 = &lt;Response [429]&gt;.status_code">tests/test_pilot_requests.py:133: in test_rate_limit_5_then_429
    assert r.status_code == 201, f"Request {i+1} failed: {r.status_code} {r.text}"
E   AssertionError: Request 5 failed: 429 {"detail":"Too many requests. Please try again later."}
E   assert 429 == 201
E    +  where 429 = &lt;Response [429]&gt;.status_code</failure></testcase><testcase classname="tests.test_pilot_requests" name="test_rate_limit_buckets_are_per_ip" time="0.801" /><testcase classname="tests.test_pilot_requests" name="test_get_pilot_requests_returns_404_without_admin_token_env" time="0.113" /><testcase classname="tests.test_pilot_requests" name="test_seo_assets" time="0.370" /><testcase classname="tests.test_pilot_requests" name="test_index_html_seo_tags" time="0.126" /></testsuite></testsuites>