<?xml version="1.0" encoding="utf-8"?><testsuites name="pytest tests"><testsuite name="pytest" errors="0" failures="0" skipped="0" tests="12" time="3.427" timestamp="2026-04-20T19:32:30.069592+00:00" hostname="agent-env-d77705cf-3378-48fe-a82d-ec8e74152215"><testcase classname="backend.tests.test_pilot_requests" name="test_root" time="0.223" /><testcase classname="backend.tests.test_pilot_requests" name="test_create_pilot_request_valid_and_persists" time="0.146" /><testcase classname="backend.tests.test_pilot_requests" name="test_create_pilot_request_invalid_email" time="0.145" /><testcase classname="backend.tests.test_pilot_requests" name="test_create_pilot_request_missing_required" time="0.161" /><testcase classname="backend.tests.test_pilot_requests" name="test_honeypot_rejects_silently" time="0.129" /><testcase classname="backend.tests.test_pilot_requests" name="test_submission_too_fast_rejected" time="0.147" /><testcase classname="backend.tests.test_pilot_requests" name="test_normal_submission_passes_anti_spam" time="0.122" /><testcase classname="backend.tests.test_pilot_requests" name="test_rate_limit_5_then_429" time="0.836" /><testcase classname="backend.tests.test_pilot_requests" name="test_rate_limit_buckets_are_per_ip" time="0.804" /><testcase classname="backend.tests.test_pilot_requests" name="test_get_pilot_requests_returns_404_without_admin_token_env" time="0.130" /><testcase classname="backend.tests.test_pilot_requests" name="test_seo_assets" time="0.398" /><testcase classname="backend.tests.test_pilot_requests" name="test_index_html_seo_tags" time="0.118" /></testsuite></testsuites>