<?xml version="1.0" encoding="utf-8"?><testsuites name="pytest tests"><testsuite name="pytest" errors="0" failures="0" skipped="0" tests="5" time="1.302" timestamp="2026-06-06T21:11:49.853889+00:00" hostname="agent-env-d77705cf-3378-48fe-a82d-ec8e74152215"><testcase classname="tests.test_admin_cookie_auth" name="test_login_wrong_token_returns_401_and_sets_no_cookie" time="0.284" /><testcase classname="tests.test_admin_cookie_auth" name="test_login_success_sets_httponly_secure_strict_cookie" time="0.108" /><testcase classname="tests.test_admin_cookie_auth" name="test_session_cookie_alone_authenticates_admin_routes" time="0.209" /><testcase classname="tests.test_admin_cookie_auth" name="test_logout_clears_session_cookie" time="0.495" /><testcase classname="tests.test_admin_cookie_auth" name="test_legacy_header_still_authenticates" time="0.144" /></testsuite></testsuites>